<?xml version="1.0" encoding="UTF-8"?>
<!-- Generated by org.testng.reporters.JUnitReportReporter -->
<testsuite skipped="0" hostname="ASDP1746PO02529" name="DataProviderClass" tests="2" failures="0" timestamp="03 Aug 2017 07:52:20 GMT" time="74.469" errors="0">
  <testcase name="test" time="35.621" classname="DataProviderClass"/>
  <testcase name="test" time="38.848" classname="DataProviderClass"/>
</testsuite> <!-- DataProviderClass -->
